0 info it worked if it ends with ok
1 verbose cli [ '/usr/bin/node',
1 verbose cli   '/usr/bin/npm',
1 verbose cli   'install',
1 verbose cli   'express-ejs-layouts' ]
2 info using npm@3.5.2
3 info using node@v8.10.0
4 silly loadCurrentTree Starting
5 silly install loadCurrentTree
6 silly install readLocalPackageData
7 silly fetchPackageMetaData express-ejs-layouts
8 silly fetchNamedPackageData express-ejs-layouts
9 silly mapToRegistry name express-ejs-layouts
10 silly mapToRegistry using default registry
11 silly mapToRegistry registry https://registry.npmjs.org/
12 silly mapToRegistry uri https://registry.npmjs.org/express-ejs-layouts
13 verbose request uri https://registry.npmjs.org/express-ejs-layouts
14 verbose request no auth needed
15 info attempt registry request try #1 at 3:31:14 AM
16 verbose request id 083cb984bffa96d8
17 verbose etag W/"76c4e7686fd8ba38a587d9031384b16b"
18 verbose lastModified Tue, 07 Aug 2018 10:36:06 GMT
19 http request GET https://registry.npmjs.org/express-ejs-layouts
20 http 304 https://registry.npmjs.org/express-ejs-layouts
21 verbose headers { date: 'Tue, 26 Nov 2019 14:31:15 GMT',
21 verbose headers   connection: 'keep-alive',
21 verbose headers   'set-cookie':
21 verbose headers    [ '__cfduid=dfa42cfeb5d61cdb19016dd1a67d29bfb1574778675; expires=Thu, 26-Dec-19 14:31:15 GMT; path=/; domain=.npmjs.org; HttpOnly' ],
21 verbose headers   'cf-ray': '53bc90a0bb47d699-SYD',
21 verbose headers   'cf-cache-status': 'REVALIDATED',
21 verbose headers   'cache-control': 'max-age=300',
21 verbose headers   etag: '"76c4e7686fd8ba38a587d9031384b16b"',
21 verbose headers   'last-modified': 'Tue, 07 Aug 2018 10:36:06 GMT',
21 verbose headers   vary: 'accept-encoding, accept',
21 verbose headers   'expect-ct': 'max-age=604800, report-uri="https://report-uri.cloudflare.com/cdn-cgi/beacon/expect-ct"',
21 verbose headers   server: 'cloudflare' }
22 silly get cb [ 304,
22 silly get   { date: 'Tue, 26 Nov 2019 14:31:15 GMT',
22 silly get     connection: 'keep-alive',
22 silly get     'set-cookie':
22 silly get      [ '__cfduid=dfa42cfeb5d61cdb19016dd1a67d29bfb1574778675; expires=Thu, 26-Dec-19 14:31:15 GMT; path=/; domain=.npmjs.org; HttpOnly' ],
22 silly get     'cf-ray': '53bc90a0bb47d699-SYD',
22 silly get     'cf-cache-status': 'REVALIDATED',
22 silly get     'cache-control': 'max-age=300',
22 silly get     etag: '"76c4e7686fd8ba38a587d9031384b16b"',
22 silly get     'last-modified': 'Tue, 07 Aug 2018 10:36:06 GMT',
22 silly get     vary: 'accept-encoding, accept',
22 silly get     'expect-ct': 'max-age=604800, report-uri="https://report-uri.cloudflare.com/cdn-cgi/beacon/expect-ct"',
22 silly get     server: 'cloudflare' } ]
23 verbose etag https://registry.npmjs.org/express-ejs-layouts from cache
24 verbose get saving express-ejs-layouts to /home/asimov/.npm/registry.npmjs.org/express-ejs-layouts/.cache.json
25 silly install normalizeTree
26 silly loadCurrentTree Finishing
27 silly loadIdealTree Starting
28 silly install loadIdealTree
29 silly cloneCurrentTree Starting
30 silly install cloneCurrentTreeToIdealTree
31 silly cloneCurrentTree Finishing
32 silly loadShrinkwrap Starting
33 silly install loadShrinkwrap
34 silly loadShrinkwrap Finishing
35 silly loadAllDepsIntoIdealTree Starting
36 silly install loadAllDepsIntoIdealTree
37 silly resolveWithNewModule express-ejs-layouts@2.5.0 checking installable status
38 silly cache add args [ 'express-ejs-layouts', null ]
39 verbose cache add spec express-ejs-layouts
40 silly cache add parsed spec Result {
40 silly cache add   raw: 'express-ejs-layouts',
40 silly cache add   scope: null,
40 silly cache add   name: 'express-ejs-layouts',
40 silly cache add   rawSpec: '',
40 silly cache add   spec: 'latest',
40 silly cache add   type: 'tag' }
41 silly addNamed express-ejs-layouts@latest
42 verbose addNamed "latest" is being treated as a dist-tag for express-ejs-layouts
43 info addNameTag [ 'express-ejs-layouts', 'latest' ]
44 silly mapToRegistry name express-ejs-layouts
45 silly mapToRegistry using default registry
46 silly mapToRegistry registry https://registry.npmjs.org/
47 silly mapToRegistry uri https://registry.npmjs.org/express-ejs-layouts
48 verbose addNameTag registry:https://registry.npmjs.org/express-ejs-layouts not in flight; fetching
49 verbose get https://registry.npmjs.org/express-ejs-layouts not expired, no request
50 silly addNameTag next cb for express-ejs-layouts with tag latest
51 silly addNamed express-ejs-layouts@2.5.0
52 verbose addNamed "2.5.0" is a plain semver version for express-ejs-layouts
53 silly cache afterAdd express-ejs-layouts@2.5.0
54 verbose afterAdd /home/asimov/.npm/express-ejs-layouts/2.5.0/package/package.json not in flight; writing
55 verbose afterAdd /home/asimov/.npm/express-ejs-layouts/2.5.0/package/package.json written
56 silly fetchNamedPackageData fsevents
57 silly mapToRegistry name fsevents
58 silly mapToRegistry using default registry
59 silly mapToRegistry registry https://registry.npmjs.org/
60 silly mapToRegistry uri https://registry.npmjs.org/fsevents
61 verbose request uri https://registry.npmjs.org/fsevents
62 verbose request no auth needed
63 info attempt registry request try #1 at 3:31:16 AM
64 verbose etag W/"4e2d025a461db5c4ab6181083820f034"
65 verbose lastModified Sat, 09 Nov 2019 17:08:34 GMT
66 http request GET https://registry.npmjs.org/fsevents
67 http 304 https://registry.npmjs.org/fsevents
68 verbose headers { date: 'Tue, 26 Nov 2019 14:31:16 GMT',
68 verbose headers   connection: 'keep-alive',
68 verbose headers   'set-cookie':
68 verbose headers    [ '__cfduid=db4415571d02945be9ef678927e03b3f51574778676; expires=Thu, 26-Dec-19 14:31:16 GMT; path=/; domain=.npmjs.org; HttpOnly' ],
68 verbose headers   'cf-ray': '53bc90a7da39d699-SYD',
68 verbose headers   'cf-cache-status': 'HIT',
68 verbose headers   'cache-control': 'max-age=300',
68 verbose headers   age: '1656',
68 verbose headers   etag: '"4e2d025a461db5c4ab6181083820f034"',
68 verbose headers   'last-modified': 'Sat, 09 Nov 2019 17:08:34 GMT',
68 verbose headers   vary: 'accept-encoding, accept',
68 verbose headers   'expect-ct': 'max-age=604800, report-uri="https://report-uri.cloudflare.com/cdn-cgi/beacon/expect-ct"',
68 verbose headers   'x-amz-meta-rev': '167-5750b49223ea0c8589c1c093179c88a6',
68 verbose headers   server: 'cloudflare' }
69 silly get cb [ 304,
69 silly get   { date: 'Tue, 26 Nov 2019 14:31:16 GMT',
69 silly get     connection: 'keep-alive',
69 silly get     'set-cookie':
69 silly get      [ '__cfduid=db4415571d02945be9ef678927e03b3f51574778676; expires=Thu, 26-Dec-19 14:31:16 GMT; path=/; domain=.npmjs.org; HttpOnly' ],
69 silly get     'cf-ray': '53bc90a7da39d699-SYD',
69 silly get     'cf-cache-status': 'HIT',
69 silly get     'cache-control': 'max-age=300',
69 silly get     age: '1656',
69 silly get     etag: '"4e2d025a461db5c4ab6181083820f034"',
69 silly get     'last-modified': 'Sat, 09 Nov 2019 17:08:34 GMT',
69 silly get     vary: 'accept-encoding, accept',
69 silly get     'expect-ct': 'max-age=604800, report-uri="https://report-uri.cloudflare.com/cdn-cgi/beacon/expect-ct"',
69 silly get     'x-amz-meta-rev': '167-5750b49223ea0c8589c1c093179c88a6',
69 silly get     server: 'cloudflare' } ]
70 verbose etag https://registry.npmjs.org/fsevents from cache
71 verbose get saving fsevents to /home/asimov/.npm/registry.npmjs.org/fsevents/.cache.json
72 silly resolveWithNewModule fsevents@2.1.2 checking installable status
73 silly loadAllDepsIntoIdealTree Finishing
74 silly idealTree:prePrune map-editor@1.0.0
74 silly idealTree:prePrune ├── abbrev@1.1.1
74 silly idealTree:prePrune ├── accepts@1.3.7
74 silly idealTree:prePrune ├── ansi-align@2.0.0
74 silly idealTree:prePrune ├── ansi-regex@3.0.0
74 silly idealTree:prePrune ├── ansi-styles@3.2.1
74 silly idealTree:prePrune ├── anymatch@3.1.1
74 silly idealTree:prePrune ├── array-flatten@1.1.1
74 silly idealTree:prePrune ├── atob-lite@2.0.0
74 silly idealTree:prePrune ├── balanced-match@1.0.0
74 silly idealTree:prePrune ├── binary-extensions@2.0.0
74 silly idealTree:prePrune ├── body-parser@1.19.0
74 silly idealTree:prePrune ├── boxen@1.3.0
74 silly idealTree:prePrune ├── brace-expansion@1.1.11
74 silly idealTree:prePrune ├── braces@3.0.2
74 silly idealTree:prePrune ├── bytes@3.1.0
74 silly idealTree:prePrune ├── camelcase@4.1.0
74 silly idealTree:prePrune ├── capture-stack-trace@1.0.1
74 silly idealTree:prePrune ├── chalk@2.4.2
74 silly idealTree:prePrune ├── chokidar@3.3.0
74 silly idealTree:prePrune ├── ci-info@1.6.0
74 silly idealTree:prePrune ├── cli-boxes@1.0.0
74 silly idealTree:prePrune ├── color-convert@1.9.3
74 silly idealTree:prePrune ├── color-name@1.1.3
74 silly idealTree:prePrune ├── concat-map@0.0.1
74 silly idealTree:prePrune ├── configstore@3.1.2
74 silly idealTree:prePrune ├── content-disposition@0.5.3
74 silly idealTree:prePrune ├── content-type@1.0.4
74 silly idealTree:prePrune ├── cookie-signature@1.0.6
74 silly idealTree:prePrune ├── cookie@0.4.0
74 silly idealTree:prePrune ├── create-error-class@3.0.2
74 silly idealTree:prePrune ├── cross-spawn@5.1.0
74 silly idealTree:prePrune ├── crypto-random-string@1.0.0
74 silly idealTree:prePrune ├── debug@2.6.9
74 silly idealTree:prePrune ├── deep-extend@0.6.0
74 silly idealTree:prePrune ├── depd@1.1.2
74 silly idealTree:prePrune ├── destroy@1.0.4
74 silly idealTree:prePrune ├── detect-indent@6.0.0
74 silly idealTree:prePrune ├── directory-tree@2.2.4
74 silly idealTree:prePrune ├── dot-prop@4.2.0
74 silly idealTree:prePrune ├── dtype@2.0.0
74 silly idealTree:prePrune ├── duplexer3@0.1.4
74 silly idealTree:prePrune ├── ee-first@1.1.1
74 silly idealTree:prePrune ├── ejs@2.7.4
74 silly idealTree:prePrune ├── encodeurl@1.0.2
74 silly idealTree:prePrune ├── escape-html@1.0.3
74 silly idealTree:prePrune ├── escape-string-regexp@1.0.5
74 silly idealTree:prePrune ├── etag@1.8.1
74 silly idealTree:prePrune ├── execa@0.7.0
74 silly idealTree:prePrune ├── express-ejs-layouts@2.5.0
74 silly idealTree:prePrune ├── express@4.17.1
74 silly idealTree:prePrune ├── file-match@1.0.2
74 silly idealTree:prePrune ├── file-saver@2.0.2
74 silly idealTree:prePrune ├── file-system@2.2.2
74 silly idealTree:prePrune ├── fill-range@7.0.1
74 silly idealTree:prePrune ├── finalhandler@1.1.2
74 silly idealTree:prePrune ├── flatten-vertex-data@1.0.2
74 silly idealTree:prePrune ├── forwarded@0.1.2
74 silly idealTree:prePrune ├── fresh@0.5.2
74 silly idealTree:prePrune ├── get-stream@3.0.0
74 silly idealTree:prePrune ├── glob-parent@5.1.0
74 silly idealTree:prePrune ├── global-dirs@0.1.1
74 silly idealTree:prePrune ├── got@6.7.1
74 silly idealTree:prePrune ├── graceful-fs@4.2.3
74 silly idealTree:prePrune ├── has-flag@3.0.0
74 silly idealTree:prePrune ├── http-errors@1.7.2
74 silly idealTree:prePrune ├── iconv-lite@0.4.24
74 silly idealTree:prePrune ├── ignore-by-default@1.0.1
74 silly idealTree:prePrune ├── import-lazy@2.1.0
74 silly idealTree:prePrune ├── imurmurhash@0.1.4
74 silly idealTree:prePrune ├── inherits@2.0.3
74 silly idealTree:prePrune ├── ini@1.3.5
74 silly idealTree:prePrune ├── ipaddr.js@1.9.0
74 silly idealTree:prePrune ├── is-base64@0.1.0
74 silly idealTree:prePrune ├── is-binary-path@2.1.0
74 silly idealTree:prePrune ├── is-blob@1.0.0
74 silly idealTree:prePrune ├── is-buffer@2.0.4
74 silly idealTree:prePrune ├── is-ci@1.2.1
74 silly idealTree:prePrune ├── is-extglob@2.1.1
74 silly idealTree:prePrune ├── is-fullwidth-code-point@2.0.0
74 silly idealTree:prePrune ├── is-glob@4.0.1
74 silly idealTree:prePrune ├── is-installed-globally@0.1.0
74 silly idealTree:prePrune ├── is-npm@1.0.0
74 silly idealTree:prePrune ├── is-number@7.0.0
74 silly idealTree:prePrune ├── is-obj@1.0.1
74 silly idealTree:prePrune ├── is-path-inside@1.0.1
74 silly idealTree:prePrune ├── is-plain-obj@2.0.0
74 silly idealTree:prePrune ├── is-redirect@1.0.0
74 silly idealTree:prePrune ├── is-retry-allowed@1.2.0
74 silly idealTree:prePrune ├── is-stream@1.1.0
74 silly idealTree:prePrune ├── is-typedarray@1.0.0
74 silly idealTree:prePrune ├── isexe@2.0.0
74 silly idealTree:prePrune ├── javascript-stringify@2.0.1
74 silly idealTree:prePrune ├── latest-version@3.1.0
74 silly idealTree:prePrune ├── lowercase-keys@1.0.1
74 silly idealTree:prePrune ├── lru-cache@4.1.5
74 silly idealTree:prePrune ├── make-dir@1.3.0
74 silly idealTree:prePrune ├── media-typer@0.3.0
74 silly idealTree:prePrune ├── merge-descriptors@1.0.1
74 silly idealTree:prePrune ├── methods@1.1.2
74 silly idealTree:prePrune ├── mime-db@1.42.0
74 silly idealTree:prePrune ├── mime-types@2.1.25
74 silly idealTree:prePrune ├── mime@1.6.0
74 silly idealTree:prePrune ├── minimatch@3.0.4
74 silly idealTree:prePrune ├── minimist@1.2.0
74 silly idealTree:prePrune ├─┬ mkdirp@0.5.1
74 silly idealTree:prePrune │ └── minimist@0.0.8
74 silly idealTree:prePrune ├── ms@2.0.0
74 silly idealTree:prePrune ├── negotiator@0.6.2
74 silly idealTree:prePrune ├─┬ nodemon@2.0.1
74 silly idealTree:prePrune │ ├── debug@3.2.6
74 silly idealTree:prePrune │ └── ms@2.1.2
74 silly idealTree:prePrune ├── nopt@1.0.10
74 silly idealTree:prePrune ├── normalize-path@3.0.0
74 silly idealTree:prePrune ├── npm-run-path@2.0.2
74 silly idealTree:prePrune ├── on-finished@2.3.0
74 silly idealTree:prePrune ├── p-finally@1.0.0
74 silly idealTree:prePrune ├── package-json@4.0.1
74 silly idealTree:prePrune ├── parseurl@1.3.3
74 silly idealTree:prePrune ├── path-is-inside@1.0.2
74 silly idealTree:prePrune ├── path-key@2.0.1
74 silly idealTree:prePrune ├── path-to-regexp@0.1.7
74 silly idealTree:prePrune ├── picomatch@2.1.1
74 silly idealTree:prePrune ├── pify@3.0.0
74 silly idealTree:prePrune ├── prepend-http@1.0.4
74 silly idealTree:prePrune ├── proxy-addr@2.0.5
74 silly idealTree:prePrune ├── pseudomap@1.0.2
74 silly idealTree:prePrune ├── pstree.remy@1.1.7
74 silly idealTree:prePrune ├── qs@6.7.0
74 silly idealTree:prePrune ├── range-parser@1.2.1
74 silly idealTree:prePrune ├── raw-body@2.4.0
74 silly idealTree:prePrune ├── rc@1.2.8
74 silly idealTree:prePrune ├── readdirp@3.2.0
74 silly idealTree:prePrune ├── registry-auth-token@3.4.0
74 silly idealTree:prePrune ├── registry-url@3.1.0
74 silly idealTree:prePrune ├── safe-buffer@5.1.2
74 silly idealTree:prePrune ├── safer-buffer@2.1.2
74 silly idealTree:prePrune ├── save-file@2.3.1
74 silly idealTree:prePrune ├── semver-diff@2.1.0
74 silly idealTree:prePrune ├── semver@5.7.1
74 silly idealTree:prePrune ├─┬ send@0.17.1
74 silly idealTree:prePrune │ └── ms@2.1.1
74 silly idealTree:prePrune ├── serve-static@1.14.1
74 silly idealTree:prePrune ├── setprototypeof@1.1.1
74 silly idealTree:prePrune ├── shebang-command@1.2.0
74 silly idealTree:prePrune ├── shebang-regex@1.0.0
74 silly idealTree:prePrune ├── signal-exit@3.0.2
74 silly idealTree:prePrune ├── simple-mime@0.1.0
74 silly idealTree:prePrune ├── sort-keys@3.0.0
74 silly idealTree:prePrune ├── statuses@1.5.0
74 silly idealTree:prePrune ├── string-to-arraybuffer@1.0.2
74 silly idealTree:prePrune ├── string-width@2.1.1
74 silly idealTree:prePrune ├── strip-ansi@4.0.0
74 silly idealTree:prePrune ├── strip-eof@1.0.0
74 silly idealTree:prePrune ├── strip-json-comments@2.0.1
74 silly idealTree:prePrune ├── supports-color@5.5.0
74 silly idealTree:prePrune ├── term-size@1.2.0
74 silly idealTree:prePrune ├── timed-out@4.0.1
74 silly idealTree:prePrune ├─┬ to-array-buffer@3.2.0
74 silly idealTree:prePrune │ └── is-blob@2.0.1
74 silly idealTree:prePrune ├── to-regex-range@5.0.1
74 silly idealTree:prePrune ├── toidentifier@1.0.0
74 silly idealTree:prePrune ├── touch@3.1.0
74 silly idealTree:prePrune ├── type-is@1.6.18
74 silly idealTree:prePrune ├── typedarray-to-buffer@3.1.5
74 silly idealTree:prePrune ├── undefsafe@2.0.2
74 silly idealTree:prePrune ├── unique-string@1.0.0
74 silly idealTree:prePrune ├── unpipe@1.0.0
74 silly idealTree:prePrune ├── unzip-response@2.0.1
74 silly idealTree:prePrune ├── update-notifier@2.5.0
74 silly idealTree:prePrune ├── url-parse-lax@1.0.0
74 silly idealTree:prePrune ├── utils-extend@1.0.8
74 silly idealTree:prePrune ├── utils-merge@1.0.1
74 silly idealTree:prePrune ├── vary@1.1.2
74 silly idealTree:prePrune ├── which@1.3.1
74 silly idealTree:prePrune ├── widest-line@2.0.1
74 silly idealTree:prePrune ├── write-file-atomic@2.4.3
74 silly idealTree:prePrune ├─┬ write-json-file@4.2.1
74 silly idealTree:prePrune │ ├── make-dir@3.0.0
74 silly idealTree:prePrune │ ├── semver@6.3.0
74 silly idealTree:prePrune │ └── write-file-atomic@3.0.1
74 silly idealTree:prePrune ├── write@1.0.3
74 silly idealTree:prePrune ├── xdg-basedir@3.0.0
74 silly idealTree:prePrune └── yallist@2.1.2
75 silly loadIdealTree Finishing
76 silly currentTree map-editor@1.0.0
76 silly currentTree ├── abbrev@1.1.1
76 silly currentTree ├── accepts@1.3.7
76 silly currentTree ├── ansi-align@2.0.0
76 silly currentTree ├── ansi-regex@3.0.0
76 silly currentTree ├── ansi-styles@3.2.1
76 silly currentTree ├── anymatch@3.1.1
76 silly currentTree ├── array-flatten@1.1.1
76 silly currentTree ├── atob-lite@2.0.0
76 silly currentTree ├── balanced-match@1.0.0
76 silly currentTree ├── binary-extensions@2.0.0
76 silly currentTree ├── body-parser@1.19.0
76 silly currentTree ├── boxen@1.3.0
76 silly currentTree ├── brace-expansion@1.1.11
76 silly currentTree ├── braces@3.0.2
76 silly currentTree ├── bytes@3.1.0
76 silly currentTree ├── camelcase@4.1.0
76 silly currentTree ├── capture-stack-trace@1.0.1
76 silly currentTree ├── chalk@2.4.2
76 silly currentTree ├── chokidar@3.3.0
76 silly currentTree ├── ci-info@1.6.0
76 silly currentTree ├── cli-boxes@1.0.0
76 silly currentTree ├── color-convert@1.9.3
76 silly currentTree ├── color-name@1.1.3
76 silly currentTree ├── concat-map@0.0.1
76 silly currentTree ├── configstore@3.1.2
76 silly currentTree ├── content-disposition@0.5.3
76 silly currentTree ├── content-type@1.0.4
76 silly currentTree ├── cookie-signature@1.0.6
76 silly currentTree ├── cookie@0.4.0
76 silly currentTree ├── create-error-class@3.0.2
76 silly currentTree ├── cross-spawn@5.1.0
76 silly currentTree ├── crypto-random-string@1.0.0
76 silly currentTree ├── debug@2.6.9
76 silly currentTree ├── deep-extend@0.6.0
76 silly currentTree ├── depd@1.1.2
76 silly currentTree ├── destroy@1.0.4
76 silly currentTree ├── detect-indent@6.0.0
76 silly currentTree ├── directory-tree@2.2.4
76 silly currentTree ├── dot-prop@4.2.0
76 silly currentTree ├── dtype@2.0.0
76 silly currentTree ├── duplexer3@0.1.4
76 silly currentTree ├── ee-first@1.1.1
76 silly currentTree ├── ejs@2.7.4
76 silly currentTree ├── encodeurl@1.0.2
76 silly currentTree ├── escape-html@1.0.3
76 silly currentTree ├── escape-string-regexp@1.0.5
76 silly currentTree ├── etag@1.8.1
76 silly currentTree ├── execa@0.7.0
76 silly currentTree ├── express@4.17.1
76 silly currentTree ├── file-match@1.0.2
76 silly currentTree ├── file-saver@2.0.2
76 silly currentTree ├── file-system@2.2.2
76 silly currentTree ├── fill-range@7.0.1
76 silly currentTree ├── finalhandler@1.1.2
76 silly currentTree ├── flatten-vertex-data@1.0.2
76 silly currentTree ├── forwarded@0.1.2
76 silly currentTree ├── fresh@0.5.2
76 silly currentTree ├── get-stream@3.0.0
76 silly currentTree ├── glob-parent@5.1.0
76 silly currentTree ├── global-dirs@0.1.1
76 silly currentTree ├── got@6.7.1
76 silly currentTree ├── graceful-fs@4.2.3
76 silly currentTree ├── has-flag@3.0.0
76 silly currentTree ├── http-errors@1.7.2
76 silly currentTree ├── iconv-lite@0.4.24
76 silly currentTree ├── ignore-by-default@1.0.1
76 silly currentTree ├── import-lazy@2.1.0
76 silly currentTree ├── imurmurhash@0.1.4
76 silly currentTree ├── inherits@2.0.3
76 silly currentTree ├── ini@1.3.5
76 silly currentTree ├── ipaddr.js@1.9.0
76 silly currentTree ├── is-base64@0.1.0
76 silly currentTree ├── is-binary-path@2.1.0
76 silly currentTree ├── is-blob@1.0.0
76 silly currentTree ├── is-buffer@2.0.4
76 silly currentTree ├── is-ci@1.2.1
76 silly currentTree ├── is-extglob@2.1.1
76 silly currentTree ├── is-fullwidth-code-point@2.0.0
76 silly currentTree ├── is-glob@4.0.1
76 silly currentTree ├── is-installed-globally@0.1.0
76 silly currentTree ├── is-npm@1.0.0
76 silly currentTree ├── is-number@7.0.0
76 silly currentTree ├── is-obj@1.0.1
76 silly currentTree ├── is-path-inside@1.0.1
76 silly currentTree ├── is-plain-obj@2.0.0
76 silly currentTree ├── is-redirect@1.0.0
76 silly currentTree ├── is-retry-allowed@1.2.0
76 silly currentTree ├── is-stream@1.1.0
76 silly currentTree ├── is-typedarray@1.0.0
76 silly currentTree ├── isexe@2.0.0
76 silly currentTree ├── javascript-stringify@2.0.1
76 silly currentTree ├── latest-version@3.1.0
76 silly currentTree ├── lowercase-keys@1.0.1
76 silly currentTree ├── lru-cache@4.1.5
76 silly currentTree ├── make-dir@1.3.0
76 silly currentTree ├── media-typer@0.3.0
76 silly currentTree ├── merge-descriptors@1.0.1
76 silly currentTree ├── methods@1.1.2
76 silly currentTree ├── mime-db@1.42.0
76 silly currentTree ├── mime-types@2.1.25
76 silly currentTree ├── mime@1.6.0
76 silly currentTree ├── minimatch@3.0.4
76 silly currentTree ├── minimist@1.2.0
76 silly currentTree ├─┬ mkdirp@0.5.1
76 silly currentTree │ └── minimist@0.0.8
76 silly currentTree ├── ms@2.0.0
76 silly currentTree ├── negotiator@0.6.2
76 silly currentTree ├─┬ nodemon@2.0.1
76 silly currentTree │ ├── debug@3.2.6
76 silly currentTree │ └── ms@2.1.2
76 silly currentTree ├── nopt@1.0.10
76 silly currentTree ├── normalize-path@3.0.0
76 silly currentTree ├── npm-run-path@2.0.2
76 silly currentTree ├── on-finished@2.3.0
76 silly currentTree ├── p-finally@1.0.0
76 silly currentTree ├── package-json@4.0.1
76 silly currentTree ├── parseurl@1.3.3
76 silly currentTree ├── path-is-inside@1.0.2
76 silly currentTree ├── path-key@2.0.1
76 silly currentTree ├── path-to-regexp@0.1.7
76 silly currentTree ├── picomatch@2.1.1
76 silly currentTree ├── pify@3.0.0
76 silly currentTree ├── prepend-http@1.0.4
76 silly currentTree ├── proxy-addr@2.0.5
76 silly currentTree ├── pseudomap@1.0.2
76 silly currentTree ├── pstree.remy@1.1.7
76 silly currentTree ├── qs@6.7.0
76 silly currentTree ├── range-parser@1.2.1
76 silly currentTree ├── raw-body@2.4.0
76 silly currentTree ├── rc@1.2.8
76 silly currentTree ├── readdirp@3.2.0
76 silly currentTree ├── registry-auth-token@3.4.0
76 silly currentTree ├── registry-url@3.1.0
76 silly currentTree ├── safe-buffer@5.1.2
76 silly currentTree ├── safer-buffer@2.1.2
76 silly currentTree ├── save-file@2.3.1
76 silly currentTree ├── semver-diff@2.1.0
76 silly currentTree ├── semver@5.7.1
76 silly currentTree ├─┬ send@0.17.1
76 silly currentTree │ └── ms@2.1.1
76 silly currentTree ├── serve-static@1.14.1
76 silly currentTree ├── setprototypeof@1.1.1
76 silly currentTree ├── shebang-command@1.2.0
76 silly currentTree ├── shebang-regex@1.0.0
76 silly currentTree ├── signal-exit@3.0.2
76 silly currentTree ├── simple-mime@0.1.0
76 silly currentTree ├── sort-keys@3.0.0
76 silly currentTree ├── statuses@1.5.0
76 silly currentTree ├── string-to-arraybuffer@1.0.2
76 silly currentTree ├── string-width@2.1.1
76 silly currentTree ├── strip-ansi@4.0.0
76 silly currentTree ├── strip-eof@1.0.0
76 silly currentTree ├── strip-json-comments@2.0.1
76 silly currentTree ├── supports-color@5.5.0
76 silly currentTree ├── term-size@1.2.0
76 silly currentTree ├── timed-out@4.0.1
76 silly currentTree ├─┬ to-array-buffer@3.2.0
76 silly currentTree │ └── is-blob@2.0.1
76 silly currentTree ├── to-regex-range@5.0.1
76 silly currentTree ├── toidentifier@1.0.0
76 silly currentTree ├── touch@3.1.0
76 silly currentTree ├── type-is@1.6.18
76 silly currentTree ├── typedarray-to-buffer@3.1.5
76 silly currentTree ├── undefsafe@2.0.2
76 silly currentTree ├── unique-string@1.0.0
76 silly currentTree ├── unpipe@1.0.0
76 silly currentTree ├── unzip-response@2.0.1
76 silly currentTree ├── update-notifier@2.5.0
76 silly currentTree ├── url-parse-lax@1.0.0
76 silly currentTree ├── utils-extend@1.0.8
76 silly currentTree ├── utils-merge@1.0.1
76 silly currentTree ├── vary@1.1.2
76 silly currentTree ├── which@1.3.1
76 silly currentTree ├── widest-line@2.0.1
76 silly currentTree ├── write-file-atomic@2.4.3
76 silly currentTree ├─┬ write-json-file@4.2.1
76 silly currentTree │ ├── make-dir@3.0.0
76 silly currentTree │ ├── semver@6.3.0
76 silly currentTree │ └── write-file-atomic@3.0.1
76 silly currentTree ├── write@1.0.3
76 silly currentTree ├── xdg-basedir@3.0.0
76 silly currentTree └── yallist@2.1.2
77 silly idealTree map-editor@1.0.0
77 silly idealTree ├── abbrev@1.1.1
77 silly idealTree ├── accepts@1.3.7
77 silly idealTree ├── ansi-align@2.0.0
77 silly idealTree ├── ansi-regex@3.0.0
77 silly idealTree ├── ansi-styles@3.2.1
77 silly idealTree ├── anymatch@3.1.1
77 silly idealTree ├── array-flatten@1.1.1
77 silly idealTree ├── atob-lite@2.0.0
77 silly idealTree ├── balanced-match@1.0.0
77 silly idealTree ├── binary-extensions@2.0.0
77 silly idealTree ├── body-parser@1.19.0
77 silly idealTree ├── boxen@1.3.0
77 silly idealTree ├── brace-expansion@1.1.11
77 silly idealTree ├── braces@3.0.2
77 silly idealTree ├── bytes@3.1.0
77 silly idealTree ├── camelcase@4.1.0
77 silly idealTree ├── capture-stack-trace@1.0.1
77 silly idealTree ├── chalk@2.4.2
77 silly idealTree ├── chokidar@3.3.0
77 silly idealTree ├── ci-info@1.6.0
77 silly idealTree ├── cli-boxes@1.0.0
77 silly idealTree ├── color-convert@1.9.3
77 silly idealTree ├── color-name@1.1.3
77 silly idealTree ├── concat-map@0.0.1
77 silly idealTree ├── configstore@3.1.2
77 silly idealTree ├── content-disposition@0.5.3
77 silly idealTree ├── content-type@1.0.4
77 silly idealTree ├── cookie-signature@1.0.6
77 silly idealTree ├── cookie@0.4.0
77 silly idealTree ├── create-error-class@3.0.2
77 silly idealTree ├── cross-spawn@5.1.0
77 silly idealTree ├── crypto-random-string@1.0.0
77 silly idealTree ├── debug@2.6.9
77 silly idealTree ├── deep-extend@0.6.0
77 silly idealTree ├── depd@1.1.2
77 silly idealTree ├── destroy@1.0.4
77 silly idealTree ├── detect-indent@6.0.0
77 silly idealTree ├── directory-tree@2.2.4
77 silly idealTree ├── dot-prop@4.2.0
77 silly idealTree ├── dtype@2.0.0
77 silly idealTree ├── duplexer3@0.1.4
77 silly idealTree ├── ee-first@1.1.1
77 silly idealTree ├── ejs@2.7.4
77 silly idealTree ├── encodeurl@1.0.2
77 silly idealTree ├── escape-html@1.0.3
77 silly idealTree ├── escape-string-regexp@1.0.5
77 silly idealTree ├── etag@1.8.1
77 silly idealTree ├── execa@0.7.0
77 silly idealTree ├── express-ejs-layouts@2.5.0
77 silly idealTree ├── express@4.17.1
77 silly idealTree ├── file-match@1.0.2
77 silly idealTree ├── file-saver@2.0.2
77 silly idealTree ├── file-system@2.2.2
77 silly idealTree ├── fill-range@7.0.1
77 silly idealTree ├── finalhandler@1.1.2
77 silly idealTree ├── flatten-vertex-data@1.0.2
77 silly idealTree ├── forwarded@0.1.2
77 silly idealTree ├── fresh@0.5.2
77 silly idealTree ├── get-stream@3.0.0
77 silly idealTree ├── glob-parent@5.1.0
77 silly idealTree ├── global-dirs@0.1.1
77 silly idealTree ├── got@6.7.1
77 silly idealTree ├── graceful-fs@4.2.3
77 silly idealTree ├── has-flag@3.0.0
77 silly idealTree ├── http-errors@1.7.2
77 silly idealTree ├── iconv-lite@0.4.24
77 silly idealTree ├── ignore-by-default@1.0.1
77 silly idealTree ├── import-lazy@2.1.0
77 silly idealTree ├── imurmurhash@0.1.4
77 silly idealTree ├── inherits@2.0.3
77 silly idealTree ├── ini@1.3.5
77 silly idealTree ├── ipaddr.js@1.9.0
77 silly idealTree ├── is-base64@0.1.0
77 silly idealTree ├── is-binary-path@2.1.0
77 silly idealTree ├── is-blob@1.0.0
77 silly idealTree ├── is-buffer@2.0.4
77 silly idealTree ├── is-ci@1.2.1
77 silly idealTree ├── is-extglob@2.1.1
77 silly idealTree ├── is-fullwidth-code-point@2.0.0
77 silly idealTree ├── is-glob@4.0.1
77 silly idealTree ├── is-installed-globally@0.1.0
77 silly idealTree ├── is-npm@1.0.0
77 silly idealTree ├── is-number@7.0.0
77 silly idealTree ├── is-obj@1.0.1
77 silly idealTree ├── is-path-inside@1.0.1
77 silly idealTree ├── is-plain-obj@2.0.0
77 silly idealTree ├── is-redirect@1.0.0
77 silly idealTree ├── is-retry-allowed@1.2.0
77 silly idealTree ├── is-stream@1.1.0
77 silly idealTree ├── is-typedarray@1.0.0
77 silly idealTree ├── isexe@2.0.0
77 silly idealTree ├── javascript-stringify@2.0.1
77 silly idealTree ├── latest-version@3.1.0
77 silly idealTree ├── lowercase-keys@1.0.1
77 silly idealTree ├── lru-cache@4.1.5
77 silly idealTree ├── make-dir@1.3.0
77 silly idealTree ├── media-typer@0.3.0
77 silly idealTree ├── merge-descriptors@1.0.1
77 silly idealTree ├── methods@1.1.2
77 silly idealTree ├── mime-db@1.42.0
77 silly idealTree ├── mime-types@2.1.25
77 silly idealTree ├── mime@1.6.0
77 silly idealTree ├── minimatch@3.0.4
77 silly idealTree ├── minimist@1.2.0
77 silly idealTree ├─┬ mkdirp@0.5.1
77 silly idealTree │ └── minimist@0.0.8
77 silly idealTree ├── ms@2.0.0
77 silly idealTree ├── negotiator@0.6.2
77 silly idealTree ├─┬ nodemon@2.0.1
77 silly idealTree │ ├── debug@3.2.6
77 silly idealTree │ └── ms@2.1.2
77 silly idealTree ├── nopt@1.0.10
77 silly idealTree ├── normalize-path@3.0.0
77 silly idealTree ├── npm-run-path@2.0.2
77 silly idealTree ├── on-finished@2.3.0
77 silly idealTree ├── p-finally@1.0.0
77 silly idealTree ├── package-json@4.0.1
77 silly idealTree ├── parseurl@1.3.3
77 silly idealTree ├── path-is-inside@1.0.2
77 silly idealTree ├── path-key@2.0.1
77 silly idealTree ├── path-to-regexp@0.1.7
77 silly idealTree ├── picomatch@2.1.1
77 silly idealTree ├── pify@3.0.0
77 silly idealTree ├── prepend-http@1.0.4
77 silly idealTree ├── proxy-addr@2.0.5
77 silly idealTree ├── pseudomap@1.0.2
77 silly idealTree ├── pstree.remy@1.1.7
77 silly idealTree ├── qs@6.7.0
77 silly idealTree ├── range-parser@1.2.1
77 silly idealTree ├── raw-body@2.4.0
77 silly idealTree ├── rc@1.2.8
77 silly idealTree ├── readdirp@3.2.0
77 silly idealTree ├── registry-auth-token@3.4.0
77 silly idealTree ├── registry-url@3.1.0
77 silly idealTree ├── safe-buffer@5.1.2
77 silly idealTree ├── safer-buffer@2.1.2
77 silly idealTree ├── save-file@2.3.1
77 silly idealTree ├── semver-diff@2.1.0
77 silly idealTree ├── semver@5.7.1
77 silly idealTree ├─┬ send@0.17.1
77 silly idealTree │ └── ms@2.1.1
77 silly idealTree ├── serve-static@1.14.1
77 silly idealTree ├── setprototypeof@1.1.1
77 silly idealTree ├── shebang-command@1.2.0
77 silly idealTree ├── shebang-regex@1.0.0
77 silly idealTree ├── signal-exit@3.0.2
77 silly idealTree ├── simple-mime@0.1.0
77 silly idealTree ├── sort-keys@3.0.0
77 silly idealTree ├── statuses@1.5.0
77 silly idealTree ├── string-to-arraybuffer@1.0.2
77 silly idealTree ├── string-width@2.1.1
77 silly idealTree ├── strip-ansi@4.0.0
77 silly idealTree ├── strip-eof@1.0.0
77 silly idealTree ├── strip-json-comments@2.0.1
77 silly idealTree ├── supports-color@5.5.0
77 silly idealTree ├── term-size@1.2.0
77 silly idealTree ├── timed-out@4.0.1
77 silly idealTree ├─┬ to-array-buffer@3.2.0
77 silly idealTree │ └── is-blob@2.0.1
77 silly idealTree ├── to-regex-range@5.0.1
77 silly idealTree ├── toidentifier@1.0.0
77 silly idealTree ├── touch@3.1.0
77 silly idealTree ├── type-is@1.6.18
77 silly idealTree ├── typedarray-to-buffer@3.1.5
77 silly idealTree ├── undefsafe@2.0.2
77 silly idealTree ├── unique-string@1.0.0
77 silly idealTree ├── unpipe@1.0.0
77 silly idealTree ├── unzip-response@2.0.1
77 silly idealTree ├── update-notifier@2.5.0
77 silly idealTree ├── url-parse-lax@1.0.0
77 silly idealTree ├── utils-extend@1.0.8
77 silly idealTree ├── utils-merge@1.0.1
77 silly idealTree ├── vary@1.1.2
77 silly idealTree ├── which@1.3.1
77 silly idealTree ├── widest-line@2.0.1
77 silly idealTree ├── write-file-atomic@2.4.3
77 silly idealTree ├─┬ write-json-file@4.2.1
77 silly idealTree │ ├── make-dir@3.0.0
77 silly idealTree │ ├── semver@6.3.0
77 silly idealTree │ └── write-file-atomic@3.0.1
77 silly idealTree ├── write@1.0.3
77 silly idealTree ├── xdg-basedir@3.0.0
77 silly idealTree └── yallist@2.1.2
78 silly generateActionsToTake Starting
79 silly install generateActionsToTake
80 silly generateActionsToTake Finishing
81 silly diffTrees action count 8
82 silly diffTrees update body-parser@1.19.0
83 silly diffTrees update directory-tree@2.2.4
84 silly diffTrees update ejs@2.7.4
85 silly diffTrees update express@4.17.1
86 silly diffTrees add express-ejs-layouts@2.5.0
87 silly diffTrees update nodemon@2.0.1
88 silly diffTrees update save-file@2.3.1
89 silly diffTrees update write-json-file@4.2.1
90 silly decomposeActions action count 64
91 silly decomposeActions fetch body-parser@1.19.0
92 silly decomposeActions extract body-parser@1.19.0
93 silly decomposeActions test body-parser@1.19.0
94 silly decomposeActions preinstall body-parser@1.19.0
95 silly decomposeActions build body-parser@1.19.0
96 silly decomposeActions install body-parser@1.19.0
97 silly decomposeActions postinstall body-parser@1.19.0
98 silly decomposeActions finalize body-parser@1.19.0
99 silly decomposeActions fetch directory-tree@2.2.4
100 silly decomposeActions extract directory-tree@2.2.4
101 silly decomposeActions test directory-tree@2.2.4
102 silly decomposeActions preinstall directory-tree@2.2.4
103 silly decomposeActions build directory-tree@2.2.4
104 silly decomposeActions install directory-tree@2.2.4
105 silly decomposeActions postinstall directory-tree@2.2.4
106 silly decomposeActions finalize directory-tree@2.2.4
107 silly decomposeActions fetch ejs@2.7.4
108 silly decomposeActions extract ejs@2.7.4
109 silly decomposeActions test ejs@2.7.4
110 silly decomposeActions preinstall ejs@2.7.4
111 silly decomposeActions build ejs@2.7.4
112 silly decomposeActions install ejs@2.7.4
113 silly decomposeActions postinstall ejs@2.7.4
114 silly decomposeActions finalize ejs@2.7.4
115 silly decomposeActions fetch express@4.17.1
116 silly decomposeActions extract express@4.17.1
117 silly decomposeActions test express@4.17.1
118 silly decomposeActions preinstall express@4.17.1
119 silly decomposeActions build express@4.17.1
120 silly decomposeActions install express@4.17.1
121 silly decomposeActions postinstall express@4.17.1
122 silly decomposeActions finalize express@4.17.1
123 silly decomposeActions fetch express-ejs-layouts@2.5.0
124 silly decomposeActions extract express-ejs-layouts@2.5.0
125 silly decomposeActions test express-ejs-layouts@2.5.0
126 silly decomposeActions preinstall express-ejs-layouts@2.5.0
127 silly decomposeActions build express-ejs-layouts@2.5.0
128 silly decomposeActions install express-ejs-layouts@2.5.0
129 silly decomposeActions postinstall express-ejs-layouts@2.5.0
130 silly decomposeActions finalize express-ejs-layouts@2.5.0
131 silly decomposeActions fetch nodemon@2.0.1
132 silly decomposeActions extract nodemon@2.0.1
133 silly decomposeActions test nodemon@2.0.1
134 silly decomposeActions preinstall nodemon@2.0.1
135 silly decomposeActions build nodemon@2.0.1
136 silly decomposeActions install nodemon@2.0.1
137 silly decomposeActions postinstall nodemon@2.0.1
138 silly decomposeActions finalize nodemon@2.0.1
139 silly decomposeActions fetch save-file@2.3.1
140 silly decomposeActions extract save-file@2.3.1
141 silly decomposeActions test save-file@2.3.1
142 silly decomposeActions preinstall save-file@2.3.1
143 silly decomposeActions build save-file@2.3.1
144 silly decomposeActions install save-file@2.3.1
145 silly decomposeActions postinstall save-file@2.3.1
146 silly decomposeActions finalize save-file@2.3.1
147 silly decomposeActions fetch write-json-file@4.2.1
148 silly decomposeActions extract write-json-file@4.2.1
149 silly decomposeActions test write-json-file@4.2.1
150 silly decomposeActions preinstall write-json-file@4.2.1
151 silly decomposeActions build write-json-file@4.2.1
152 silly decomposeActions install write-json-file@4.2.1
153 silly decomposeActions postinstall write-json-file@4.2.1
154 silly decomposeActions finalize write-json-file@4.2.1
155 silly executeActions Starting
156 silly install executeActions
157 silly doSerial global-install 0
158 silly doParallel fetch 8
159 verbose lock using /home/asimov/.npm/_locks/staging-d550b4198ebca453.lock for /home/asimov/Desktop/jjojo/node_modules/.staging
160 silly doParallel extract 8
161 silly extract body-parser@1.19.0
162 silly extract directory-tree@2.2.4
163 silly extract ejs@2.7.4
164 silly extract express@4.17.1
165 silly extract express-ejs-layouts@2.5.0
166 silly extract nodemon@2.0.1
167 silly extract save-file@2.3.1
168 silly extract write-json-file@4.2.1
169 verbose unbuild node_modules/.staging/directory-tree-b324f094
170 verbose unbuild node_modules/.staging/express-ejs-layouts-7c955dfc
171 verbose unbuild node_modules/.staging/ejs-7601af38
172 verbose unbuild node_modules/.staging/save-file-e403c9b3
173 silly gentlyRm /home/asimov/Desktop/jjojo/node_modules/.staging/directory-tree-b324f094 is being purged from base /home/asimov/Desktop/jjojo
174 verbose gentlyRm don't care about contents; nuking /home/asimov/Desktop/jjojo/node_modules/.staging/directory-tree-b324f094
175 silly gentlyRm /home/asimov/Desktop/jjojo/node_modules/.staging/express-ejs-layouts-7c955dfc is being purged from base /home/asimov/Desktop/jjojo
176 verbose gentlyRm don't care about contents; nuking /home/asimov/Desktop/jjojo/node_modules/.staging/express-ejs-layouts-7c955dfc
177 silly gentlyRm /home/asimov/Desktop/jjojo/node_modules/.staging/ejs-7601af38 is being purged from base /home/asimov/Desktop/jjojo
178 verbose gentlyRm don't care about contents; nuking /home/asimov/Desktop/jjojo/node_modules/.staging/ejs-7601af38
179 verbose unbuild node_modules/.staging/write-json-file-61978987
180 silly gentlyRm /home/asimov/Desktop/jjojo/node_modules/.staging/save-file-e403c9b3 is being purged from base /home/asimov/Desktop/jjojo
181 verbose gentlyRm don't care about contents; nuking /home/asimov/Desktop/jjojo/node_modules/.staging/save-file-e403c9b3
182 verbose tar unpack /home/asimov/.npm/directory-tree/2.2.4/package.tgz
183 verbose tar unpacking to /home/asimov/Desktop/jjojo/node_modules/.staging/directory-tree-b324f094
184 silly gentlyRm /home/asimov/Desktop/jjojo/node_modules/.staging/directory-tree-b324f094 is being purged
185 verbose gentlyRm don't care about contents; nuking /home/asimov/Desktop/jjojo/node_modules/.staging/directory-tree-b324f094
186 verbose tar unpack /home/asimov/.npm/express-ejs-layouts/2.5.0/package.tgz
187 verbose tar unpacking to /home/asimov/Desktop/jjojo/node_modules/.staging/express-ejs-layouts-7c955dfc
188 silly gentlyRm /home/asimov/Desktop/jjojo/node_modules/.staging/express-ejs-layouts-7c955dfc is being purged
189 verbose gentlyRm don't care about contents; nuking /home/asimov/Desktop/jjojo/node_modules/.staging/express-ejs-layouts-7c955dfc
190 verbose tar unpack /home/asimov/.npm/ejs/2.7.4/package.tgz
191 verbose tar unpacking to /home/asimov/Desktop/jjojo/node_modules/.staging/ejs-7601af38
192 silly gentlyRm /home/asimov/Desktop/jjojo/node_modules/.staging/ejs-7601af38 is being purged
193 verbose gentlyRm don't care about contents; nuking /home/asimov/Desktop/jjojo/node_modules/.staging/ejs-7601af38
194 verbose tar unpack /home/asimov/.npm/save-file/2.3.1/package.tgz
195 verbose tar unpacking to /home/asimov/Desktop/jjojo/node_modules/.staging/save-file-e403c9b3
196 silly gentlyRm /home/asimov/Desktop/jjojo/node_modules/.staging/save-file-e403c9b3 is being purged
197 verbose gentlyRm don't care about contents; nuking /home/asimov/Desktop/jjojo/node_modules/.staging/save-file-e403c9b3
198 silly gunzTarPerm modes [ '755', '644' ]
199 silly gunzTarPerm modes [ '755', '644' ]
200 silly gunzTarPerm modes [ '755', '644' ]
201 silly gentlyRm /home/asimov/Desktop/jjojo/node_modules/.staging/write-json-file-61978987 is being purged from base /home/asimov/Desktop/jjojo
202 verbose gentlyRm don't care about contents; nuking /home/asimov/Desktop/jjojo/node_modules/.staging/write-json-file-61978987
203 silly gunzTarPerm modes [ '755', '644' ]
204 verbose tar unpack /home/asimov/.npm/write-json-file/4.2.1/package.tgz
205 verbose tar unpacking to /home/asimov/Desktop/jjojo/node_modules/.staging/write-json-file-61978987
206 silly gentlyRm /home/asimov/Desktop/jjojo/node_modules/.staging/write-json-file-61978987 is being purged
207 verbose gentlyRm don't care about contents; nuking /home/asimov/Desktop/jjojo/node_modules/.staging/write-json-file-61978987
208 silly gunzTarPerm modes [ '755', '644' ]
209 verbose unbuild node_modules/.staging/body-parser-3b77c146
210 silly gentlyRm /home/asimov/Desktop/jjojo/node_modules/.staging/body-parser-3b77c146 is being purged from base /home/asimov/Desktop/jjojo
211 verbose gentlyRm don't care about contents; nuking /home/asimov/Desktop/jjojo/node_modules/.staging/body-parser-3b77c146
212 verbose tar unpack /home/asimov/.npm/body-parser/1.19.0/package.tgz
213 verbose tar unpacking to /home/asimov/Desktop/jjojo/node_modules/.staging/body-parser-3b77c146
214 silly gentlyRm /home/asimov/Desktop/jjojo/node_modules/.staging/body-parser-3b77c146 is being purged
215 verbose gentlyRm don't care about contents; nuking /home/asimov/Desktop/jjojo/node_modules/.staging/body-parser-3b77c146
216 verbose unbuild node_modules/.staging/nodemon-399e4f99
217 silly gunzTarPerm modes [ '755', '644' ]
218 silly gunzTarPerm extractEntry package.json
219 silly gentlyRm /home/asimov/Desktop/jjojo/node_modules/.staging/nodemon-399e4f99 is being purged from base /home/asimov/Desktop/jjojo
220 verbose gentlyRm don't care about contents; nuking /home/asimov/Desktop/jjojo/node_modules/.staging/nodemon-399e4f99
221 silly gunzTarPerm extractEntry package.json
222 verbose unbuild node_modules/.staging/express-5f85c9f2
223 silly gunzTarPerm extractEntry
224 verbose tar unpack /home/asimov/.npm/nodemon/2.0.1/package.tgz
225 verbose tar unpacking to /home/asimov/Desktop/jjojo/node_modules/.staging/nodemon-399e4f99
226 silly gentlyRm /home/asimov/Desktop/jjojo/node_modules/.staging/nodemon-399e4f99 is being purged
227 verbose gentlyRm don't care about contents; nuking /home/asimov/Desktop/jjojo/node_modules/.staging/nodemon-399e4f99
228 silly gunzTarPerm extractEntry package.json
229 silly gunzTarPerm modified mode [ 'package.json', 438, 420 ]
230 silly gunzTarPerm modes [ '755', '644' ]
231 silly gentlyRm /home/asimov/Desktop/jjojo/node_modules/.staging/express-5f85c9f2 is being purged from base /home/asimov/Desktop/jjojo
232 verbose gentlyRm don't care about contents; nuking /home/asimov/Desktop/jjojo/node_modules/.staging/express-5f85c9f2
233 silly gunzTarPerm extractEntry license
234 silly gunzTarPerm extractEntry .npmignore
235 silly gunzTarPerm extractEntry README.md
236 silly gunzTarPerm extractEntry .travis.yml
237 silly gunzTarPerm extractEntry LICENSE
238 verbose tar unpack /home/asimov/.npm/express/4.17.1/package.tgz
239 verbose tar unpacking to /home/asimov/Desktop/jjojo/node_modules/.staging/express-5f85c9f2
240 silly gentlyRm /home/asimov/Desktop/jjojo/node_modules/.staging/express-5f85c9f2 is being purged
241 verbose gentlyRm don't care about contents; nuking /home/asimov/Desktop/jjojo/node_modules/.staging/express-5f85c9f2
242 silly gunzTarPerm modes [ '755', '644' ]
243 silly gunzTarPerm extractEntry LICENSE
244 silly gunzTarPerm extractEntry postinstall.js
245 silly gunzTarPerm extractEntry ejs.js
246 silly gunzTarPerm extractEntry .eslintrc.json
247 silly gunzTarPerm modified mode [ '.eslintrc.json', 438, 420 ]
248 silly gunzTarPerm extractEntry .travis.yml
249 silly gunzTarPerm modified mode [ '.travis.yml', 438, 420 ]
250 silly gunzTarPerm extractEntry README.md
251 silly gunzTarPerm extractEntry index.js
252 silly gunzTarPerm extractEntry package.json
253 silly gunzTarPerm extractEntry .travis.yml
254 silly gunzTarPerm extractEntry index.d.ts
255 silly gunzTarPerm extractEntry .jscsrc
256 silly gunzTarPerm modified mode [ '.jscsrc', 436, 420 ]
257 silly gunzTarPerm extractEntry Readme.md
258 silly gunzTarPerm extractEntry example/index.js
259 silly gunzTarPerm extractEntry browser.js
260 silly gunzTarPerm modified mode [ 'browser.js', 438, 420 ]
261 silly gunzTarPerm extractEntry index.d.ts
262 silly gunzTarPerm modified mode [ 'index.d.ts', 438, 420 ]
263 silly gunzTarPerm extractEntry .jshintrc
264 silly gunzTarPerm modified mode [ '.jshintrc', 436, 420 ]
265 silly gunzTarPerm extractEntry LICENSE
266 silly gunzTarPerm modified mode [ 'LICENSE', 436, 420 ]
267 silly gunzTarPerm extractEntry package.json
268 silly gunzTarPerm extractEntry jakefile.js
269 silly gunzTarPerm extractEntry package.json
270 silly gunzTarPerm extractEntry lib/directory-tree.js
271 silly gunzTarPerm extractEntry package-lock.json
272 silly gunzTarPerm extractEntry example/views/layout.ejs
273 silly gunzTarPerm extractEntry example/views/view.ejs
274 silly gunzTarPerm extractEntry readme.md
275 silly gunzTarPerm extractEntry index.d.ts
276 silly gunzTarPerm extractEntry index.js
277 silly gunzTarPerm modified mode [ 'index.js', 438, 420 ]
278 silly gunzTarPerm extractEntry readme.md
279 silly gunzTarPerm modified mode [ 'readme.md', 438, 420 ]
280 silly gunzTarPerm extractEntry lib/rules/add.js
281 silly gunzTarPerm modified mode [ 'lib/rules/add.js', 436, 420 ]
282 silly gunzTarPerm extractEntry lib/utils/bus.js
283 silly gunzTarPerm modified mode [ 'lib/utils/bus.js', 436, 420 ]
284 silly gunzTarPerm extractEntry History.md
285 silly gunzTarPerm extractEntry index.js
286 silly gunzTarPerm extractEntry LICENSE
287 silly gunzTarPerm extractEntry Readme.md
288 silly gunzTarPerm extractEntry lib/application.js
289 silly gunzTarPerm extractEntry lib/express.js
290 silly gunzTarPerm extractEntry lib/middleware/init.js
291 silly gunzTarPerm extractEntry lib/middleware/query.js
292 silly gunzTarPerm extractEntry lib/request.js
293 silly gunzTarPerm extractEntry lib/response.js
294 silly gunzTarPerm extractEntry lib/router/index.js
295 silly gunzTarPerm extractEntry lib/router/layer.js
296 silly gunzTarPerm extractEntry lib/router/route.js
297 silly gunzTarPerm extractEntry lib/utils.js
298 silly gunzTarPerm extractEntry lib/view.js
299 silly gunzTarPerm extractEntry lib/
300 silly gunzTarPerm extractEntry ejs.min.js
301 silly gunzTarPerm extractEntry lib/ejs.js
302 silly gunzTarPerm extractEntry lib/express-layouts.js
303 silly gunzTarPerm extractEntry lib/utils.js
304 silly gunzTarPerm extractEntry src/to-blob.js
305 silly gunzTarPerm modified mode [ 'src/to-blob.js', 438, 420 ]
306 silly gunzTarPerm extractEntry lib/utils/clone.js
307 silly gunzTarPerm modified mode [ 'lib/utils/clone.js', 436, 420 ]
308 silly gunzTarPerm extractEntry lib/utils/colour.js
309 silly gunzTarPerm modified mode [ 'lib/utils/colour.js', 436, 420 ]
310 silly gunzTarPerm extractEntry lib/config/command.js
311 silly gunzTarPerm modified mode [ 'lib/config/command.js', 436, 420 ]
312 silly gunzTarPerm extractEntry commitlint.config.js
313 silly gunzTarPerm modified mode [ 'commitlint.config.js', 436, 420 ]
314 silly gunzTarPerm extractEntry package.json
315 silly gunzTarPerm extractEntry HISTORY.md
316 silly gunzTarPerm extractEntry index.js
317 silly gunzTarPerm extractEntry LICENSE
318 silly gunzTarPerm extractEntry README.md
319 silly gunzTarPerm extractEntry lib/read.js
320 silly gunzTarPerm extractEntry lib/types/json.js
321 silly gunzTarPerm extractEntry lib/types/raw.js
322 silly gunzTarPerm extractEntry lib/types/text.js
323 silly gunzTarPerm extractEntry lib/types/urlencoded.js
324 silly gunzTarPerm extractEntry lib/config/defaults.js
325 silly gunzTarPerm modified mode [ 'lib/config/defaults.js', 436, 420 ]
326 silly gunzTarPerm extractEntry lib/config/exec.js
327 silly gunzTarPerm modified mode [ 'lib/config/exec.js', 436, 420 ]
328 silly gunzTarPerm extractEntry lib/cli/index.js
329 silly gunzTarPerm modified mode [ 'lib/cli/index.js', 436, 420 ]
330 silly gunzTarPerm extractEntry lib/config/index.js
331 silly gunzTarPerm modified mode [ 'lib/config/index.js', 436, 420 ]
332 silly gunzTarPerm extractEntry lib/help/index.js
333 silly gunzTarPerm modified mode [ 'lib/help/index.js', 436, 420 ]
334 silly gunzTarPerm extractEntry lib/index.js
335 silly gunzTarPerm modified mode [ 'lib/index.js', 436, 420 ]
336 silly gunzTarPerm extractEntry lib/monitor/index.js
337 silly gunzTarPerm modified mode [ 'lib/monitor/index.js', 436, 420 ]
338 silly gunzTarPerm extractEntry lib/rules/index.js
339 silly gunzTarPerm modified mode [ 'lib/rules/index.js', 436, 420 ]
340 silly gunzTarPerm extractEntry lib/utils/index.js
341 silly gunzTarPerm modified mode [ 'lib/utils/index.js', 436, 420 ]
342 silly gunzTarPerm extractEntry lib/config/load.js
343 silly gunzTarPerm modified mode [ 'lib/config/load.js', 436, 420 ]
344 silly gunzTarPerm extractEntry lib/utils/log.js
345 silly gunzTarPerm modified mode [ 'lib/utils/log.js', 436, 420 ]
346 silly gunzTarPerm extractEntry lib/monitor/match.js
347 silly gunzTarPerm modified mode [ 'lib/monitor/match.js', 436, 420 ]
348 silly gunzTarPerm extractEntry lib/utils/merge.js
349 silly gunzTarPerm modified mode [ 'lib/utils/merge.js', 436, 420 ]
350 silly gunzTarPerm extractEntry bin/nodemon.js
351 silly gunzTarPerm modified mode [ 'bin/nodemon.js', 509, 493 ]
352 silly gunzTarPerm extractEntry lib/nodemon.js
353 silly gunzTarPerm modified mode [ 'lib/nodemon.js', 436, 420 ]
354 silly gunzTarPerm extractEntry lib/cli/parse.js
355 silly gunzTarPerm modified mode [ 'lib/cli/parse.js', 436, 420 ]
356 silly gunzTarPerm extractEntry lib/rules/parse.js
357 silly gunzTarPerm modified mode [ 'lib/rules/parse.js', 436, 420 ]
358 silly gunzTarPerm extractEntry bin/postinstall.js
359 silly gunzTarPerm modified mode [ 'bin/postinstall.js', 509, 493 ]
360 silly gunzTarPerm extractEntry lib/monitor/run.js
361 silly gunzTarPerm modified mode [ 'lib/monitor/run.js', 436, 420 ]
362 silly gunzTarPerm extractEntry lib/monitor/signals.js
363 silly gunzTarPerm modified mode [ 'lib/monitor/signals.js', 436, 420 ]
364 silly gunzTarPerm extractEntry lib/spawn.js
365 silly gunzTarPerm modified mode [ 'lib/spawn.js', 436, 420 ]
366 silly gunzTarPerm extractEntry lib/version.js
367 silly gunzTarPerm modified mode [ 'lib/version.js', 436, 420 ]
368 silly gunzTarPerm extractEntry lib/monitor/watch.js
369 silly gunzTarPerm modified mode [ 'lib/monitor/watch.js', 436, 420 ]
370 silly gunzTarPerm extractEntry package.json
371 silly gunzTarPerm modified mode [ 'package.json', 436, 420 ]
372 silly gunzTarPerm extractEntry README.md
373 silly gunzTarPerm modified mode [ 'README.md', 436, 420 ]
374 silly gunzTarPerm extractEntry doc/cli/authors.txt
375 silly gunzTarPerm modified mode [ 'doc/cli/authors.txt', 436, 420 ]
376 silly gunzTarPerm extractEntry doc/cli/config.txt
377 silly gunzTarPerm modified mode [ 'doc/cli/config.txt', 436, 420 ]
378 silly gunzTarPerm extractEntry doc/cli/help.txt
379 silly gunzTarPerm modified mode [ 'doc/cli/help.txt', 436, 420 ]
380 silly gunzTarPerm extractEntry doc/cli/logo.txt
381 silly gunzTarPerm modified mode [ 'doc/cli/logo.txt', 436, 420 ]
382 silly gunzTarPerm extractEntry doc/cli/options.txt
383 silly gunzTarPerm modified mode [ 'doc/cli/options.txt', 436, 420 ]
384 silly gunzTarPerm extractEntry doc/cli/topics.txt
385 silly gunzTarPerm modified mode [ 'doc/cli/topics.txt', 436, 420 ]
386 silly gunzTarPerm extractEntry doc/cli/usage.txt
387 silly gunzTarPerm modified mode [ 'doc/cli/usage.txt', 436, 420 ]
388 silly gunzTarPerm extractEntry doc/cli/whoami.txt
389 silly gunzTarPerm modified mode [ 'doc/cli/whoami.txt', 436, 420 ]
390 silly gunzTarPerm extractEntry .travis.yml
391 silly gunzTarPerm modified mode [ '.travis.yml', 436, 420 ]
392 silly gentlyRm /home/asimov/Desktop/jjojo/node_modules/.staging/write-json-file-61978987/node_modules is being purged
393 verbose gentlyRm don't care about contents; nuking /home/asimov/Desktop/jjojo/node_modules/.staging/write-json-file-61978987/node_modules
394 silly gentlyRm /home/asimov/Desktop/jjojo/node_modules/.staging/directory-tree-b324f094/node_modules is being purged
395 verbose gentlyRm don't care about contents; nuking /home/asimov/Desktop/jjojo/node_modules/.staging/directory-tree-b324f094/node_modules
396 silly gentlyRm /home/asimov/Desktop/jjojo/node_modules/.staging/save-file-e403c9b3/node_modules is being purged
397 verbose gentlyRm don't care about contents; nuking /home/asimov/Desktop/jjojo/node_modules/.staging/save-file-e403c9b3/node_modules
398 silly gentlyRm /home/asimov/Desktop/jjojo/node_modules/.staging/express-ejs-layouts-7c955dfc/node_modules is being purged
399 verbose gentlyRm don't care about contents; nuking /home/asimov/Desktop/jjojo/node_modules/.staging/express-ejs-layouts-7c955dfc/node_modules
400 silly gentlyRm /home/asimov/Desktop/jjojo/node_modules/.staging/ejs-7601af38/node_modules is being purged
401 verbose gentlyRm don't care about contents; nuking /home/asimov/Desktop/jjojo/node_modules/.staging/ejs-7601af38/node_modules
402 silly gentlyRm /home/asimov/Desktop/jjojo/node_modules/.staging/body-parser-3b77c146/node_modules is being purged
403 verbose gentlyRm don't care about contents; nuking /home/asimov/Desktop/jjojo/node_modules/.staging/body-parser-3b77c146/node_modules
404 silly gentlyRm /home/asimov/Desktop/jjojo/node_modules/.staging/express-5f85c9f2/node_modules is being purged
405 verbose gentlyRm don't care about contents; nuking /home/asimov/Desktop/jjojo/node_modules/.staging/express-5f85c9f2/node_modules
406 silly gentlyRm /home/asimov/Desktop/jjojo/node_modules/.staging/nodemon-399e4f99/node_modules is being purged
407 verbose gentlyRm don't care about contents; nuking /home/asimov/Desktop/jjojo/node_modules/.staging/nodemon-399e4f99/node_modules
408 silly doParallel preinstall 8
409 silly preinstall body-parser@1.19.0 /home/asimov/Desktop/jjojo/node_modules/.staging/body-parser-3b77c146
410 info lifecycle body-parser@1.19.0~preinstall: body-parser@1.19.0
411 silly preinstall directory-tree@2.2.4 /home/asimov/Desktop/jjojo/node_modules/.staging/directory-tree-b324f094
412 info lifecycle directory-tree@2.2.4~preinstall: directory-tree@2.2.4
413 silly preinstall ejs@2.7.4 /home/asimov/Desktop/jjojo/node_modules/.staging/ejs-7601af38
414 info lifecycle ejs@2.7.4~preinstall: ejs@2.7.4
415 silly preinstall express@4.17.1 /home/asimov/Desktop/jjojo/node_modules/.staging/express-5f85c9f2
416 info lifecycle express@4.17.1~preinstall: express@4.17.1
417 silly preinstall express-ejs-layouts@2.5.0 /home/asimov/Desktop/jjojo/node_modules/.staging/express-ejs-layouts-7c955dfc
418 info lifecycle express-ejs-layouts@2.5.0~preinstall: express-ejs-layouts@2.5.0
419 silly preinstall nodemon@2.0.1 /home/asimov/Desktop/jjojo/node_modules/.staging/nodemon-399e4f99
420 info lifecycle nodemon@2.0.1~preinstall: nodemon@2.0.1
421 silly preinstall save-file@2.3.1 /home/asimov/Desktop/jjojo/node_modules/.staging/save-file-e403c9b3
422 info lifecycle save-file@2.3.1~preinstall: save-file@2.3.1
423 silly preinstall write-json-file@4.2.1 /home/asimov/Desktop/jjojo/node_modules/.staging/write-json-file-61978987
424 info lifecycle write-json-file@4.2.1~preinstall: write-json-file@4.2.1
425 silly lifecycle body-parser@1.19.0~preinstall: no script for preinstall, continuing
426 silly lifecycle directory-tree@2.2.4~preinstall: no script for preinstall, continuing
427 silly lifecycle ejs@2.7.4~preinstall: no script for preinstall, continuing
428 silly lifecycle express@4.17.1~preinstall: no script for preinstall, continuing
429 silly lifecycle express-ejs-layouts@2.5.0~preinstall: no script for preinstall, continuing
430 silly lifecycle nodemon@2.0.1~preinstall: no script for preinstall, continuing
431 silly lifecycle save-file@2.3.1~preinstall: no script for preinstall, continuing
432 silly lifecycle write-json-file@4.2.1~preinstall: no script for preinstall, continuing
433 silly doReverseSerial remove 0
434 silly doSerial move 0
435 silly doSerial finalize 8
436 silly finalize /home/asimov/Desktop/jjojo/node_modules/body-parser
437 silly finalize /home/asimov/Desktop/jjojo/node_modules/directory-tree
438 silly finalize /home/asimov/Desktop/jjojo/node_modules/ejs
439 silly finalize /home/asimov/Desktop/jjojo/node_modules/express
440 silly finalize /home/asimov/Desktop/jjojo/node_modules/express-ejs-layouts
441 silly finalize /home/asimov/Desktop/jjojo/node_modules/nodemon
442 verbose unlock done using /home/asimov/.npm/_locks/staging-d550b4198ebca453.lock for /home/asimov/Desktop/jjojo/node_modules/.staging
443 silly rollbackFailedOptional Starting
444 silly rollbackFailedOptional Finishing
445 silly runTopLevelLifecycles Starting
446 silly runTopLevelLifecycles Finishing
447 silly install printInstalled
448 warn optional Skipping failed optional dependency /chokidar/fsevents:
449 warn notsup Not compatible with your operating system or architecture: fsevents@2.1.2
450 warn map-editor@1.0.0 No repository field.
451 verbose stack Error: EACCES: permission denied, rename '/home/asimov/Desktop/jjojo/node_modules/.nodemon.DELETE/node_modules/debug' -> '/home/asimov/Desktop/jjojo/node_modules/nodemon/node_modules/debug'
451 verbose stack     at /usr/share/npm/lib/install/action/finalize.js:64:7
451 verbose stack     at /usr/share/npm/node_modules/slide/lib/async-map.js:52:35
451 verbose stack     at Array.forEach (<anonymous>)
451 verbose stack     at /usr/share/npm/node_modules/slide/lib/async-map.js:52:11
451 verbose stack     at Array.forEach (<anonymous>)
451 verbose stack     at asyncMap (/usr/share/npm/node_modules/slide/lib/async-map.js:51:8)
451 verbose stack     at moveModules (/usr/share/npm/lib/install/action/finalize.js:61:5)
451 verbose stack     at /usr/share/npm/lib/install/action/finalize.js:56:70
451 verbose stack     at /usr/share/npm/node_modules/mkdirp/index.js:30:20
451 verbose stack     at FSReqWrap.oncomplete (fs.js:135:15)
451 verbose stack
451 verbose stack Error: EACCES: permission denied, rename '/home/asimov/Desktop/jjojo/node_modules/.nodemon.DELETE/node_modules/debug' -> '/home/asimov/Desktop/jjojo/node_modules/nodemon/node_modules/debug'
452 verbose cwd /home/asimov/Desktop/jjojo
453 error Linux 4.15.0-70-generic
454 error argv "/usr/bin/node" "/usr/bin/npm" "install" "express-ejs-layouts"
455 error node v8.10.0
456 error npm  v3.5.2
457 error path /home/asimov/Desktop/jjojo/node_modules/.nodemon.DELETE/node_modules/debug
458 error code EACCES
459 error errno -13
460 error syscall rename
461 error Error: EACCES: permission denied, rename '/home/asimov/Desktop/jjojo/node_modules/.nodemon.DELETE/node_modules/debug' -> '/home/asimov/Desktop/jjojo/node_modules/nodemon/node_modules/debug'
461 error     at /usr/share/npm/lib/install/action/finalize.js:64:7
461 error     at /usr/share/npm/node_modules/slide/lib/async-map.js:52:35
461 error     at Array.forEach (<anonymous>)
461 error     at /usr/share/npm/node_modules/slide/lib/async-map.js:52:11
461 error     at Array.forEach (<anonymous>)
461 error     at asyncMap (/usr/share/npm/node_modules/slide/lib/async-map.js:51:8)
461 error     at moveModules (/usr/share/npm/lib/install/action/finalize.js:61:5)
461 error     at /usr/share/npm/lib/install/action/finalize.js:56:70
461 error     at /usr/share/npm/node_modules/mkdirp/index.js:30:20
461 error     at FSReqWrap.oncomplete (fs.js:135:15)
461 error
461 error Error: EACCES: permission denied, rename '/home/asimov/Desktop/jjojo/node_modules/.nodemon.DELETE/node_modules/debug' -> '/home/asimov/Desktop/jjojo/node_modules/nodemon/node_modules/debug'
461 error  { Error: EACCES: permission denied, rename '/home/asimov/Desktop/jjojo/node_modules/.nodemon.DELETE/node_modules/debug' -> '/home/asimov/Desktop/jjojo/node_modules/nodemon/node_modules/debug'
461 error     at /usr/share/npm/lib/install/action/finalize.js:64:7
461 error     at /usr/share/npm/node_modules/slide/lib/async-map.js:52:35
461 error     at Array.forEach (<anonymous>)
461 error     at /usr/share/npm/node_modules/slide/lib/async-map.js:52:11
461 error     at Array.forEach (<anonymous>)
461 error     at asyncMap (/usr/share/npm/node_modules/slide/lib/async-map.js:51:8)
461 error     at moveModules (/usr/share/npm/lib/install/action/finalize.js:61:5)
461 error     at /usr/share/npm/lib/install/action/finalize.js:56:70
461 error     at /usr/share/npm/node_modules/mkdirp/index.js:30:20
461 error     at FSReqWrap.oncomplete (fs.js:135:15)
461 error
461 error Error: EACCES: permission denied, rename '/home/asimov/Desktop/jjojo/node_modules/.nodemon.DELETE/node_modules/debug' -> '/home/asimov/Desktop/jjojo/node_modules/nodemon/node_modules/debug' parent: 'map-editor' }
462 error Please try running this command again as root/Administrator.
463 verbose exit [ -13, true ]
